2014-12-16 14:25:42 [127.0.0.1][-][-][error][yii\db\Exception] exception 'PDOException' with message 'SQLSTATE[HY000] [1049] Unknown database 'yii2advanced'' in F:\php\xampp\htdocs\weike\advanced\vendor\yiisoft\yii2\db\Connection.php:579
Stack trace:
#0 F:\php\xampp\htdocs\weike\advanced\vendor\yiisoft\yii2\db\Connection.php(579): PDO->__construct('mysql:host=loca...', 'root', '', NULL)
#1 F:\php\xampp\htdocs\weike\advanced\vendor\yiisoft\yii2\db\Connection.php(529): yii\db\Connection->createPdoInstance()
#2 F:\php\xampp\htdocs\weike\advanced\vendor\yiisoft\yii2\db\Connection.php(836): yii\db\Connection->open()
#3 F:\php\xampp\htdocs\weike\advanced\vendor\yiisoft\yii2\db\Connection.php(823): yii\db\Connection->getMasterPdo()
#4 F:\php\xampp\htdocs\weike\advanced\vendor\yiisoft\yii2\db\Command.php(208): yii\db\Connection->getSlavePdo()
#5 F:\php\xampp\htdocs\weike\advanced\vendor\yiisoft\yii2\db\Command.php(813): yii\db\Command->prepare(true)
#6 F:\php\xampp\htdocs\weike\advanced\vendor\yiisoft\yii2\db\Command.php(393): yii\db\Command->queryInternal('fetchAll', 7)
#7 F:\php\xampp\htdocs\weike\advanced\vendor\yiisoft\yii2\db\mysql\Schema.php(305): yii\db\Command->queryColumn()
#8 F:\php\xampp\htdocs\weike\advanced\vendor\yiisoft\yii2\db\Schema.php(205): yii\db\mysql\Schema->findTableNames('')
#9 F:\php\xampp\htdocs\weike\advanced\vendor\yiisoft\yii2-gii\generators\model\Generator.php(133): yii\db\Schema->getTableNames()
#10 [internal function]: yii\gii\generators\model\Generator->yii\gii\generators\model\{closure}()
#11 F:\php\xampp\htdocs\weike\advanced\vendor\yiisoft\yii2-gii\components\ActiveField.php(41): call_user_func(Object(Closure))
#12 F:\php\xampp\htdocs\weike\advanced\vendor\yiisoft\yii2\base\Object.php(107): yii\gii\components\ActiveField->init()
#13 [internal function]: yii\base\Object->__construct(Array)
#14 F:\php\xampp\htdocs\weike\advanced\vendor\yiisoft\yii2\di\Container.php(364): ReflectionClass->newInstanceArgs(Array)
#15 F:\php\xampp\htdocs\weike\advanced\vendor\yiisoft\yii2\di\Container.php(147): yii\di\Container->build('yii\gii\compone...', Array, Array)
#16 F:\php\xampp\htdocs\weike\advanced\vendor\yiisoft\yii2\BaseYii.php(344): yii\di\Container->get('yii\gii\compone...', Array, Array)
#17 F:\php\xampp\htdocs\weike\advanced\vendor\yiisoft\yii2\widgets\ActiveForm.php(279): yii\BaseYii::createObject(Array)
#18 F:\php\xampp\htdocs\weike\advanced\vendor\yiisoft\yii2-gii\generators\model\form.php(6): yii\widgets\ActiveForm->field(Object(yii\gii\generators\model\Generator), 'tableName')
#19 F:\php\xampp\htdocs\weike\advanced\vendor\yiisoft\yii2\base\View.php(325): require('F:\php\xampp\ht...')
#20 F:\php\xampp\htdocs\weike\advanced\vendor\yiisoft\yii2\base\View.php(247): yii\base\View->renderPhpFile('F:\php\xampp\ht...', Array)
#21 F:\php\xampp\htdocs\weike\advanced\vendor\yiisoft\yii2-gii\views\default\view.php(38): yii\base\View->renderFile('F:\php\xampp\ht...', Array)
#22 F:\php\xampp\htdocs\weike\advanced\vendor\yiisoft\yii2\base\View.php(325): require('F:\php\xampp\ht...')
#23 F:\php\xampp\htdocs\weike\advanced\vendor\yiisoft\yii2\base\View.php(247): yii\base\View->renderPhpFile('F:\php\xampp\ht...', Array)
#24 F:\php\xampp\htdocs\weike\advanced\vendor\yiisoft\yii2\base\View.php(149): yii\base\View->renderFile('F:\php\xampp\ht...', Array, Object(yii\gii\controllers\DefaultController))
#25 F:\php\xampp\htdocs\weike\advanced\vendor\yiisoft\yii2\base\Controller.php(367): yii\base\View->render('view', Array, Object(yii\gii\controllers\DefaultController))
#26 F:\php\xampp\htdocs\weike\advanced\vendor\yiisoft\yii2-gii\controllers\DefaultController.php(56): yii\base\Controller->render('view', Array)
#27 [internal function]: yii\gii\controllers\DefaultController->actionView('model')
#28 F:\php\xampp\htdocs\weike\advanced\vendor\yiisoft\yii2\base\InlineAction.php(55): call_user_func_array(Array, Array)
#29 F:\php\xampp\htdocs\weike\advanced\vendor\yiisoft\yii2\base\Controller.php(151): yii\base\InlineAction->runWithParams(Array)
#30 F:\php\xampp\htdocs\weike\advanced\vendor\yiisoft\yii2\base\Module.php(455): yii\base\Controller->runAction('view', Array)
#31 F:\php\xampp\htdocs\weike\advanced\vendor\yiisoft\yii2\web\Application.php(83): yii\base\Module->runAction('gii/default/vie...', Array)
#32 F:\php\xampp\htdocs\weike\advanced\vendor\yiisoft\yii2\base\Application.php(375): yii\web\Application->handleRequest(Object(yii\web\Request))
#33 F:\php\xampp\htdocs\weike\advanced\backend\web\index.php(18): yii\base\Application->run()
#34 {main}

Next exception 'yii\db\Exception' with message 'SQLSTATE[HY000] [1049] Unknown database 'yii2advanced'' in F:\php\xampp\htdocs\weike\advanced\vendor\yiisoft\yii2\db\Connection.php:534
Stack trace:
#0 F:\php\xampp\htdocs\weike\advanced\vendor\yiisoft\yii2\db\Connection.php(836): yii\db\Connection->open()
#1 F:\php\xampp\htdocs\weike\advanced\vendor\yiisoft\yii2\db\Connection.php(823): yii\db\Connection->getMasterPdo()
#2 F:\php\xampp\htdocs\weike\advanced\vendor\yiisoft\yii2\db\Command.php(208): yii\db\Connection->getSlavePdo()
#3 F:\php\xampp\htdocs\weike\advanced\vendor\yiisoft\yii2\db\Command.php(813): yii\db\Command->prepare(true)
#4 F:\php\xampp\htdocs\weike\advanced\vendor\yiisoft\yii2\db\Command.php(393): yii\db\Command->queryInternal('fetchAll', 7)
#5 F:\php\xampp\htdocs\weike\advanced\vendor\yiisoft\yii2\db\mysql\Schema.php(305): yii\db\Command->queryColumn()
#6 F:\php\xampp\htdocs\weike\advanced\vendor\yiisoft\yii2\db\Schema.php(205): yii\db\mysql\Schema->findTableNames('')
#7 F:\php\xampp\htdocs\weike\advanced\vendor\yiisoft\yii2-gii\generators\model\Generator.php(133): yii\db\Schema->getTableNames()
#8 [internal function]: yii\gii\generators\model\Generator->yii\gii\generators\model\{closure}()
#9 F:\php\xampp\htdocs\weike\advanced\vendor\yiisoft\yii2-gii\components\ActiveField.php(41): call_user_func(Object(Closure))
#10 F:\php\xampp\htdocs\weike\advanced\vendor\yiisoft\yii2\base\Object.php(107): yii\gii\components\ActiveField->init()
#11 [internal function]: yii\base\Object->__construct(Array)
#12 F:\php\xampp\htdocs\weike\advanced\vendor\yiisoft\yii2\di\Container.php(364): ReflectionClass->newInstanceArgs(Array)
#13 F:\php\xampp\htdocs\weike\advanced\vendor\yiisoft\yii2\di\Container.php(147): yii\di\Container->build('yii\gii\compone...', Array, Array)
#14 F:\php\xampp\htdocs\weike\advanced\vendor\yiisoft\yii2\BaseYii.php(344): yii\di\Container->get('yii\gii\compone...', Array, Array)
#15 F:\php\xampp\htdocs\weike\advanced\vendor\yiisoft\yii2\widgets\ActiveForm.php(279): yii\BaseYii::createObject(Array)
#16 F:\php\xampp\htdocs\weike\advanced\vendor\yiisoft\yii2-gii\generators\model\form.php(6): yii\widgets\ActiveForm->field(Object(yii\gii\generators\model\Generator), 'tableName')
#17 F:\php\xampp\htdocs\weike\advanced\vendor\yiisoft\yii2\base\View.php(325): require('F:\php\xampp\ht...')
#18 F:\php\xampp\htdocs\weike\advanced\vendor\yiisoft\yii2\base\View.php(247): yii\base\View->renderPhpFile('F:\php\xampp\ht...', Array)
#19 F:\php\xampp\htdocs\weike\advanced\vendor\yiisoft\yii2-gii\views\default\view.php(38): yii\base\View->renderFile('F:\php\xampp\ht...', Array)
#20 F:\php\xampp\htdocs\weike\advanced\vendor\yiisoft\yii2\base\View.php(325): require('F:\php\xampp\ht...')
#21 F:\php\xampp\htdocs\weike\advanced\vendor\yiisoft\yii2\base\View.php(247): yii\base\View->renderPhpFile('F:\php\xampp\ht...', Array)
#22 F:\php\xampp\htdocs\weike\advanced\vendor\yiisoft\yii2\base\View.php(149): yii\base\View->renderFile('F:\php\xampp\ht...', Array, Object(yii\gii\controllers\DefaultController))
#23 F:\php\xampp\htdocs\weike\advanced\vendor\yiisoft\yii2\base\Controller.php(367): yii\base\View->render('view', Array, Object(yii\gii\controllers\DefaultController))
#24 F:\php\xampp\htdocs\weike\advanced\vendor\yiisoft\yii2-gii\controllers\DefaultController.php(56): yii\base\Controller->render('view', Array)
#25 [internal function]: yii\gii\controllers\DefaultController->actionView('model')
#26 F:\php\xampp\htdocs\weike\advanced\vendor\yiisoft\yii2\base\InlineAction.php(55): call_user_func_array(Array, Array)
#27 F:\php\xampp\htdocs\weike\advanced\vendor\yiisoft\yii2\base\Controller.php(151): yii\base\InlineAction->runWithParams(Array)
#28 F:\php\xampp\htdocs\weike\advanced\vendor\yiisoft\yii2\base\Module.php(455): yii\base\Controller->runAction('view', Array)
#29 F:\php\xampp\htdocs\weike\advanced\vendor\yiisoft\yii2\web\Application.php(83): yii\base\Module->runAction('gii/default/vie...', Array)
#30 F:\php\xampp\htdocs\weike\advanced\vendor\yiisoft\yii2\base\Application.php(375): yii\web\Application->handleRequest(Object(yii\web\Request))
#31 F:\php\xampp\htdocs\weike\advanced\backend\web\index.php(18): yii\base\Application->run()
#32 {main}
Additional Information:

2014-12-16 14:25:42 [127.0.0.1][-][-][info][application] $_GET = [
    'r' => 'gii/default/view'
    'id' => 'model'
]

$_COOKIE = [
    'PHPSESSID' => '90lr22sh7m0bn83oh0b25j2ii1'
    '_csrf' => 'be73b9655812e70df07e873968675000432987f807882d1fbdda6e9373d3386bs:32:\"3KETSlnjmQQLxrsGulg1SjNkOdAv0vxX\";'
]

$_SERVER = [
    'MIBDIRS' => 'F:/php/xampp/php/extras/mibs'
    'MYSQL_HOME' => '\\xampp\\mysql\\bin'
    'OPENSSL_CONF' => 'F:/php/xampp/apache/bin/openssl.cnf'
    'PHP_PEAR_SYSCONF_DIR' => '\\xampp\\php'
    'PHPRC' => '\\xampp\\php'
    'TMP' => '\\xampp\\tmp'
    'HTTP_HOST' => 'localhost'
    'HTTP_USER_AGENT' => 'Mozilla/5.0 (Windows NT 6.1; WOW64; rv:34.0) Gecko/20100101 Firefox/34.0'
    'HTTP_ACCEPT' => 'text/html,application/xhtml+xml,application/xml;q=0.9,*/*;q=0.8'
    'HTTP_ACCEPT_LANGUAGE' => 'zh-cn,zh;q=0.8,en-us;q=0.5,en;q=0.3'
    'HTTP_ACCEPT_ENCODING' => 'gzip, deflate'
    'HTTP_REFERER' => 'http://localhost/weike/advanced/backend/web/index.php?r=gii'
    'HTTP_COOKIE' => 'PHPSESSID=90lr22sh7m0bn83oh0b25j2ii1; _csrf=be73b9655812e70df07e873968675000432987f807882d1fbdda6e9373d3386bs%3A32%3A%223KETSlnjmQQLxrsGulg1SjNkOdAv0vxX%22%3B'
    'HTTP_CONNECTION' => 'keep-alive'
    'PATH' => 'C:\\ProgramData\\Oracle\\Java\\javapath;C:\\Windows\\system32;C:\\Windows;C:\\Windows\\System32\\Wbem;C:\\Windows\\System32\\WindowsPowerShell\\v1.0\\;C:\\Program Files\\Lenovo\\Bluetooth Software\\;C:\\Program Files\\Lenovo\\Bluetooth Software\\syswow64;;F:\\php\\第四个月\\linux文件\\svn\\bin;%JAVA;HOME%\\bin;F:\\php\\app\\jre\\bin;C:\\Program Files\\TortoiseGit\\bin;F:\\php\\xampp\\php;C:\\ProgramData\\ComposerSetup\\bin;'
    'SystemRoot' => 'C:\\Windows'
    'COMSPEC' => 'C:\\Windows\\system32\\cmd.exe'
    'PATHEXT' => '.COM;.EXE;.BAT;.CMD;.VBS;.VBE;.JS;.JSE;.WSF;.WSH;.MSC'
    'WINDIR' => 'C:\\Windows'
    'SERVER_SIGNATURE' => '<address>Apache/2.4.7 (Win32) OpenSSL/1.0.1e PHP/5.5.9 Server at localhost Port 80</address>
'
    'SERVER_SOFTWARE' => 'Apache/2.4.7 (Win32) OpenSSL/1.0.1e PHP/5.5.9'
    'SERVER_NAME' => 'localhost'
    'SERVER_ADDR' => '127.0.0.1'
    'SERVER_PORT' => '80'
    'REMOTE_ADDR' => '127.0.0.1'
    'DOCUMENT_ROOT' => 'F:/php/xampp/htdocs'
    'REQUEST_SCHEME' => 'http'
    'CONTEXT_PREFIX' => ''
    'CONTEXT_DOCUMENT_ROOT' => 'F:/php/xampp/htdocs'
    'SERVER_ADMIN' => 'postmaster@localhost'
    'SCRIPT_FILENAME' => 'F:/php/xampp/htdocs/weike/advanced/backend/web/index.php'
    'REMOTE_PORT' => '49497'
    'GATEWAY_INTERFACE' => 'CGI/1.1'
    'SERVER_PROTOCOL' => 'HTTP/1.1'
    'REQUEST_METHOD' => 'GET'
    'QUERY_STRING' => 'r=gii%2Fdefault%2Fview&id=model'
    'REQUEST_URI' => '/weike/advanced/backend/web/index.php?r=gii%2Fdefault%2Fview&id=model'
    'SCRIPT_NAME' => '/weike/advanced/backend/web/index.php'
    'PHP_SELF' => '/weike/advanced/backend/web/index.php'
    'REQUEST_TIME_FLOAT' => 1418736342.093
    'REQUEST_TIME' => 1418736342
]
2014-12-17 12:25:11 [127.0.0.1][-][-][error][yii\db\Exception] exception 'PDOException' with message 'SQLSTATE[HY000] [1049] Unknown database 'weike'' in D:\weike\advanced\vendor\yiisoft\yii2\db\Connection.php:579
Stack trace:
#0 D:\weike\advanced\vendor\yiisoft\yii2\db\Connection.php(579): PDO->__construct('mysql:host=loca...', 'root', 'root', NULL)
#1 D:\weike\advanced\vendor\yiisoft\yii2\db\Connection.php(529): yii\db\Connection->createPdoInstance()
#2 D:\weike\advanced\vendor\yiisoft\yii2\db\Connection.php(836): yii\db\Connection->open()
#3 D:\weike\advanced\vendor\yiisoft\yii2\db\Connection.php(823): yii\db\Connection->getMasterPdo()
#4 D:\weike\advanced\vendor\yiisoft\yii2\db\Command.php(208): yii\db\Connection->getSlavePdo()
#5 D:\weike\advanced\vendor\yiisoft\yii2\db\Command.php(813): yii\db\Command->prepare(true)
#6 D:\weike\advanced\vendor\yiisoft\yii2\db\Command.php(393): yii\db\Command->queryInternal('fetchAll', 7)
#7 D:\weike\advanced\vendor\yiisoft\yii2\db\mysql\Schema.php(305): yii\db\Command->queryColumn()
#8 D:\weike\advanced\vendor\yiisoft\yii2\db\Schema.php(205): yii\db\mysql\Schema->findTableNames('')
#9 D:\weike\advanced\vendor\yiisoft\yii2-gii\generators\model\Generator.php(133): yii\db\Schema->getTableNames()
#10 [internal function]: yii\gii\generators\model\Generator->yii\gii\generators\model\{closure}()
#11 D:\weike\advanced\vendor\yiisoft\yii2-gii\components\ActiveField.php(41): call_user_func(Object(Closure))
#12 D:\weike\advanced\vendor\yiisoft\yii2\base\Object.php(107): yii\gii\components\ActiveField->init()
#13 [internal function]: yii\base\Object->__construct(Array)
#14 D:\weike\advanced\vendor\yiisoft\yii2\di\Container.php(364): ReflectionClass->newInstanceArgs(Array)
#15 D:\weike\advanced\vendor\yiisoft\yii2\di\Container.php(147): yii\di\Container->build('yii\gii\compone...', Array, Array)
#16 D:\weike\advanced\vendor\yiisoft\yii2\BaseYii.php(344): yii\di\Container->get('yii\gii\compone...', Array, Array)
#17 D:\weike\advanced\vendor\yiisoft\yii2\widgets\ActiveForm.php(279): yii\BaseYii::createObject(Array)
#18 D:\weike\advanced\vendor\yiisoft\yii2-gii\generators\model\form.php(6): yii\widgets\ActiveForm->field(Object(yii\gii\generators\model\Generator), 'tableName')
#19 D:\weike\advanced\vendor\yiisoft\yii2\base\View.php(325): require('D:\weike\advanc...')
#20 D:\weike\advanced\vendor\yiisoft\yii2\base\View.php(247): yii\base\View->renderPhpFile('D:\weike\advanc...', Array)
#21 D:\weike\advanced\vendor\yiisoft\yii2-gii\views\default\view.php(38): yii\base\View->renderFile('D:\weike\advanc...', Array)
#22 D:\weike\advanced\vendor\yiisoft\yii2\base\View.php(325): require('D:\weike\advanc...')
#23 D:\weike\advanced\vendor\yiisoft\yii2\base\View.php(247): yii\base\View->renderPhpFile('D:\weike\advanc...', Array)
#24 D:\weike\advanced\vendor\yiisoft\yii2\base\View.php(149): yii\base\View->renderFile('D:\weike\advanc...', Array, Object(yii\gii\controllers\DefaultController))
#25 D:\weike\advanced\vendor\yiisoft\yii2\base\Controller.php(367): yii\base\View->render('view', Array, Object(yii\gii\controllers\DefaultController))
#26 D:\weike\advanced\vendor\yiisoft\yii2-gii\controllers\DefaultController.php(56): yii\base\Controller->render('view', Array)
#27 [internal function]: yii\gii\controllers\DefaultController->actionView('model')
#28 D:\weike\advanced\vendor\yiisoft\yii2\base\InlineAction.php(55): call_user_func_array(Array, Array)
#29 D:\weike\advanced\vendor\yiisoft\yii2\base\Controller.php(151): yii\base\InlineAction->runWithParams(Array)
#30 D:\weike\advanced\vendor\yiisoft\yii2\base\Module.php(455): yii\base\Controller->runAction('view', Array)
#31 D:\weike\advanced\vendor\yiisoft\yii2\web\Application.php(83): yii\base\Module->runAction('gii/default/vie...', Array)
#32 D:\weike\advanced\vendor\yiisoft\yii2\base\Application.php(375): yii\web\Application->handleRequest(Object(yii\web\Request))
#33 D:\weike\advanced\backend\web\index.php(18): yii\base\Application->run()
#34 {main}

Next exception 'yii\db\Exception' with message 'SQLSTATE[HY000] [1049] Unknown database 'weike'' in D:\weike\advanced\vendor\yiisoft\yii2\db\Connection.php:534
Stack trace:
#0 D:\weike\advanced\vendor\yiisoft\yii2\db\Connection.php(836): yii\db\Connection->open()
#1 D:\weike\advanced\vendor\yiisoft\yii2\db\Connection.php(823): yii\db\Connection->getMasterPdo()
#2 D:\weike\advanced\vendor\yiisoft\yii2\db\Command.php(208): yii\db\Connection->getSlavePdo()
#3 D:\weike\advanced\vendor\yiisoft\yii2\db\Command.php(813): yii\db\Command->prepare(true)
#4 D:\weike\advanced\vendor\yiisoft\yii2\db\Command.php(393): yii\db\Command->queryInternal('fetchAll', 7)
#5 D:\weike\advanced\vendor\yiisoft\yii2\db\mysql\Schema.php(305): yii\db\Command->queryColumn()
#6 D:\weike\advanced\vendor\yiisoft\yii2\db\Schema.php(205): yii\db\mysql\Schema->findTableNames('')
#7 D:\weike\advanced\vendor\yiisoft\yii2-gii\generators\model\Generator.php(133): yii\db\Schema->getTableNames()
#8 [internal function]: yii\gii\generators\model\Generator->yii\gii\generators\model\{closure}()
#9 D:\weike\advanced\vendor\yiisoft\yii2-gii\components\ActiveField.php(41): call_user_func(Object(Closure))
#10 D:\weike\advanced\vendor\yiisoft\yii2\base\Object.php(107): yii\gii\components\ActiveField->init()
#11 [internal function]: yii\base\Object->__construct(Array)
#12 D:\weike\advanced\vendor\yiisoft\yii2\di\Container.php(364): ReflectionClass->newInstanceArgs(Array)
#13 D:\weike\advanced\vendor\yiisoft\yii2\di\Container.php(147): yii\di\Container->build('yii\gii\compone...', Array, Array)
#14 D:\weike\advanced\vendor\yiisoft\yii2\BaseYii.php(344): yii\di\Container->get('yii\gii\compone...', Array, Array)
#15 D:\weike\advanced\vendor\yiisoft\yii2\widgets\ActiveForm.php(279): yii\BaseYii::createObject(Array)
#16 D:\weike\advanced\vendor\yiisoft\yii2-gii\generators\model\form.php(6): yii\widgets\ActiveForm->field(Object(yii\gii\generators\model\Generator), 'tableName')
#17 D:\weike\advanced\vendor\yiisoft\yii2\base\View.php(325): require('D:\weike\advanc...')
#18 D:\weike\advanced\vendor\yiisoft\yii2\base\View.php(247): yii\base\View->renderPhpFile('D:\weike\advanc...', Array)
#19 D:\weike\advanced\vendor\yiisoft\yii2-gii\views\default\view.php(38): yii\base\View->renderFile('D:\weike\advanc...', Array)
#20 D:\weike\advanced\vendor\yiisoft\yii2\base\View.php(325): require('D:\weike\advanc...')
#21 D:\weike\advanced\vendor\yiisoft\yii2\base\View.php(247): yii\base\View->renderPhpFile('D:\weike\advanc...', Array)
#22 D:\weike\advanced\vendor\yiisoft\yii2\base\View.php(149): yii\base\View->renderFile('D:\weike\advanc...', Array, Object(yii\gii\controllers\DefaultController))
#23 D:\weike\advanced\vendor\yiisoft\yii2\base\Controller.php(367): yii\base\View->render('view', Array, Object(yii\gii\controllers\DefaultController))
#24 D:\weike\advanced\vendor\yiisoft\yii2-gii\controllers\DefaultController.php(56): yii\base\Controller->render('view', Array)
#25 [internal function]: yii\gii\controllers\DefaultController->actionView('model')
#26 D:\weike\advanced\vendor\yiisoft\yii2\base\InlineAction.php(55): call_user_func_array(Array, Array)
#27 D:\weike\advanced\vendor\yiisoft\yii2\base\Controller.php(151): yii\base\InlineAction->runWithParams(Array)
#28 D:\weike\advanced\vendor\yiisoft\yii2\base\Module.php(455): yii\base\Controller->runAction('view', Array)
#29 D:\weike\advanced\vendor\yiisoft\yii2\web\Application.php(83): yii\base\Module->runAction('gii/default/vie...', Array)
#30 D:\weike\advanced\vendor\yiisoft\yii2\base\Application.php(375): yii\web\Application->handleRequest(Object(yii\web\Request))
#31 D:\weike\advanced\backend\web\index.php(18): yii\base\Application->run()
#32 {main}
Additional Information:

2014-12-17 12:25:11 [127.0.0.1][-][-][info][application] $_GET = [
    'r' => 'gii/default/view'
    'id' => 'model'
]

$_COOKIE = [
    'PHPSESSID' => 'j49momc2l38qgmn75v1j6peao5'
    '_csrf' => '8b2c9fa89da5ea5f22e12ea696a5ea0dbccfd5979a7faf5f9d54e2d70c46b111s:32:\"lGpj1RQUnqSRJiCbxpq0jjRxmhF7is3l\";'
]

$_SERVER = [
    'MIBDIRS' => 'D:/xampp/php/extras/mibs'
    'MYSQL_HOME' => '\\xampp\\mysql\\bin'
    'OPENSSL_CONF' => 'D:/xampp/apache/bin/openssl.cnf'
    'PHP_PEAR_SYSCONF_DIR' => '\\xampp\\php'
    'PHPRC' => '\\xampp\\php'
    'TMP' => '\\xampp\\tmp'
    'HTTP_HOST' => 'www.weik.com'
    'HTTP_USER_AGENT' => 'Mozilla/5.0 (Windows NT 6.1; rv:34.0) Gecko/20100101 Firefox/34.0'
    'HTTP_ACCEPT' => 'text/html,application/xhtml+xml,application/xml;q=0.9,*/*;q=0.8'
    'HTTP_ACCEPT_LANGUAGE' => 'zh-cn,zh;q=0.8,en-us;q=0.5,en;q=0.3'
    'HTTP_ACCEPT_ENCODING' => 'gzip, deflate'
    'HTTP_REFERER' => 'http://www.weik.com/advanced/backend/web/index.php?r=gii'
    'HTTP_COOKIE' => 'PHPSESSID=j49momc2l38qgmn75v1j6peao5; _csrf=8b2c9fa89da5ea5f22e12ea696a5ea0dbccfd5979a7faf5f9d54e2d70c46b111s%3A32%3A%22lGpj1RQUnqSRJiCbxpq0jjRxmhF7is3l%22%3B'
    'HTTP_CONNECTION' => 'keep-alive'
    'PATH' => 'C:\\Windows\\system32;C:\\Windows;C:\\Windows\\System32\\Wbem;C:\\Windows\\System32\\WindowsPowerShell\\v1.0\\;F:\\svn\\bin;C:\\Program Files\\TortoiseGit\\bin;D:\\xampp\\php;C:\\ProgramData\\ComposerSetup\\bin'
    'SystemRoot' => 'C:\\Windows'
    'COMSPEC' => 'C:\\Windows\\system32\\cmd.exe'
    'PATHEXT' => '.COM;.EXE;.BAT;.CMD;.VBS;.VBE;.JS;.JSE;.WSF;.WSH;.MSC'
    'WINDIR' => 'C:\\Windows'
    'SERVER_SIGNATURE' => '<address>Apache/2.4.7 (Win32) OpenSSL/1.0.1e PHP/5.5.9 Server at www.weik.com Port 80</address>
'
    'SERVER_SOFTWARE' => 'Apache/2.4.7 (Win32) OpenSSL/1.0.1e PHP/5.5.9'
    'SERVER_NAME' => 'www.weik.com'
    'SERVER_ADDR' => '127.0.0.1'
    'SERVER_PORT' => '80'
    'REMOTE_ADDR' => '127.0.0.1'
    'DOCUMENT_ROOT' => 'D:/weike'
    'REQUEST_SCHEME' => 'http'
    'CONTEXT_PREFIX' => ''
    'CONTEXT_DOCUMENT_ROOT' => 'D:/weike'
    'SERVER_ADMIN' => 'postmaster@localhost'
    'SCRIPT_FILENAME' => 'D:/weike/advanced/backend/web/index.php'
    'REMOTE_PORT' => '62995'
    'GATEWAY_INTERFACE' => 'CGI/1.1'
    'SERVER_PROTOCOL' => 'HTTP/1.1'
    'REQUEST_METHOD' => 'GET'
    'QUERY_STRING' => 'r=gii%2Fdefault%2Fview&id=model'
    'REQUEST_URI' => '/advanced/backend/web/index.php?r=gii%2Fdefault%2Fview&id=model'
    'SCRIPT_NAME' => '/advanced/backend/web/index.php'
    'PHP_SELF' => '/advanced/backend/web/index.php'
    'REQUEST_TIME_FLOAT' => 1418815511.404
    'REQUEST_TIME' => 1418815511
]
2014-12-17 12:37:33 [127.0.0.1][][-][error][yii\web\HttpException:404] exception 'yii\base\InvalidRouteException' with message 'Unable to resolve the request "Index/index".' in D:\weike\advanced\vendor\yiisoft\yii2\base\Module.php:461
Stack trace:
#0 D:\weike\advanced\vendor\yiisoft\yii2\web\Application.php(83): yii\base\Module->runAction('Index/index', Array)
#1 D:\weike\advanced\vendor\yiisoft\yii2\base\Application.php(375): yii\web\Application->handleRequest(Object(yii\web\Request))
#2 D:\weike\advanced\backend\web\index.php(18): yii\base\Application->run()
#3 {main}

Next exception 'yii\web\NotFoundHttpException' with message 'Unable to resolve the request "Index/index".' in D:\weike\advanced\vendor\yiisoft\yii2\web\Application.php:95
Stack trace:
#0 D:\weike\advanced\vendor\yiisoft\yii2\base\Application.php(375): yii\web\Application->handleRequest(Object(yii\web\Request))
#1 D:\weike\advanced\backend\web\index.php(18): yii\base\Application->run()
#2 {main}
2014-12-17 12:37:33 [127.0.0.1][][-][info][application] $_GET = [
    'r' => 'Index/index'
]

$_COOKIE = [
    'PHPSESSID' => 'vtqq3bnipusgjlj59amcr6ehq3'
    '_csrf' => '860a7a2ce766098d8138875722a8379af721719d9c5bc04a5944824eb59e237bs:32:\"zRAub-Vc28S5H5qYc5_STSy9RB-OUeQu\";'
]

$_SESSION = [
    '__flash' => []
    '__returnUrl' => '/advanced/backend/web/'
]

$_SERVER = [
    'MIBDIRS' => 'D:/xampp/php/extras/mibs'
    'MYSQL_HOME' => '\\xampp\\mysql\\bin'
    'OPENSSL_CONF' => 'D:/xampp/apache/bin/openssl.cnf'
    'PHP_PEAR_SYSCONF_DIR' => '\\xampp\\php'
    'PHPRC' => '\\xampp\\php'
    'TMP' => '\\xampp\\tmp'
    'HTTP_HOST' => 'www.weik.com'
    'HTTP_USER_AGENT' => 'Mozilla/5.0 (Windows NT 6.1; rv:34.0) Gecko/20100101 Firefox/34.0'
    'HTTP_ACCEPT' => 'text/html,application/xhtml+xml,application/xml;q=0.9,*/*;q=0.8'
    'HTTP_ACCEPT_LANGUAGE' => 'zh-cn,zh;q=0.8,en-us;q=0.5,en;q=0.3'
    'HTTP_ACCEPT_ENCODING' => 'gzip, deflate'
    'HTTP_COOKIE' => 'PHPSESSID=vtqq3bnipusgjlj59amcr6ehq3; _csrf=860a7a2ce766098d8138875722a8379af721719d9c5bc04a5944824eb59e237bs%3A32%3A%22zRAub-Vc28S5H5qYc5_STSy9RB-OUeQu%22%3B'
    'HTTP_CONNECTION' => 'keep-alive'
    'PATH' => 'C:\\Windows\\system32;C:\\Windows;C:\\Windows\\System32\\Wbem;C:\\Windows\\System32\\WindowsPowerShell\\v1.0\\;F:\\svn\\bin;C:\\Program Files\\TortoiseGit\\bin;D:\\xampp\\php;C:\\ProgramData\\ComposerSetup\\bin'
    'SystemRoot' => 'C:\\Windows'
    'COMSPEC' => 'C:\\Windows\\system32\\cmd.exe'
    'PATHEXT' => '.COM;.EXE;.BAT;.CMD;.VBS;.VBE;.JS;.JSE;.WSF;.WSH;.MSC'
    'WINDIR' => 'C:\\Windows'
    'SERVER_SIGNATURE' => '<address>Apache/2.4.7 (Win32) OpenSSL/1.0.1e PHP/5.5.9 Server at www.weik.com Port 80</address>
'
    'SERVER_SOFTWARE' => 'Apache/2.4.7 (Win32) OpenSSL/1.0.1e PHP/5.5.9'
    'SERVER_NAME' => 'www.weik.com'
    'SERVER_ADDR' => '127.0.0.1'
    'SERVER_PORT' => '80'
    'REMOTE_ADDR' => '127.0.0.1'
    'DOCUMENT_ROOT' => 'D:/weike'
    'REQUEST_SCHEME' => 'http'
    'CONTEXT_PREFIX' => ''
    'CONTEXT_DOCUMENT_ROOT' => 'D:/weike'
    'SERVER_ADMIN' => 'postmaster@localhost'
    'SCRIPT_FILENAME' => 'D:/weike/advanced/backend/web/index.php'
    'REMOTE_PORT' => '63709'
    'GATEWAY_INTERFACE' => 'CGI/1.1'
    'SERVER_PROTOCOL' => 'HTTP/1.1'
    'REQUEST_METHOD' => 'GET'
    'QUERY_STRING' => 'r=Index/index'
    'REQUEST_URI' => '/advanced/backend/web/index.php?r=Index/index'
    'SCRIPT_NAME' => '/advanced/backend/web/index.php'
    'PHP_SELF' => '/advanced/backend/web/index.php'
    'REQUEST_TIME_FLOAT' => 1418816253.634
    'REQUEST_TIME' => 1418816253
]
